[debug] [2018-04-06T18:58:28.695Z] ----------------------------------------------------------------------
[debug] [2018-04-06T18:58:28.698Z] Command:       /usr/local/bin/node /usr/local/bin/firebase deploy --project one-time-password-f40d4
[debug] [2018-04-06T18:58:28.699Z] CLI Version:   3.18.0
[debug] [2018-04-06T18:58:28.699Z] Platform:      darwin
[debug] [2018-04-06T18:58:28.699Z] Node Version:  v6.10.3
[debug] [2018-04-06T18:58:28.699Z] Time:          Fri Apr 06 2018 19:58:28 GMT+0100 (BST)
[debug] [2018-04-06T18:58:28.699Z] ----------------------------------------------------------------------
[debug] 
[debug] [2018-04-06T18:58:28.718Z] > command requires scopes: ["email","openid","https://www.googleapis.com/auth/cloudplatformprojects.readonly","https://www.googleapis.com/auth/firebase","https://www.googleapis.com/auth/cloud-platform"]
[debug] [2018-04-06T18:58:28.718Z] > authorizing via signed-in user
[debug] [2018-04-06T18:58:28.721Z] > refreshing access token with scopes: ["email","https://www.googleapis.com/auth/cloud-platform","https://www.googleapis.com/auth/cloudplatformprojects.readonly","https://www.googleapis.com/auth/firebase","openid"]
[debug] [2018-04-06T18:58:28.721Z] >>> HTTP REQUEST POST https://www.googleapis.com/oauth2/v3/token  
 { refresh_token: '1/A9PDlvMBiMJEHDIhrokiluMPWznuxQYioKCufqA5Dno',
  client_id: '563584335869-fgrhgmd47bqnekij5i8b5pr03ho849e6.apps.googleusercontent.com',
  client_secret: 'j9iVZfS8kkCEFUPaAeJV0sAi',
  grant_type: 'refresh_token',
  scope: 'email https://www.googleapis.com/auth/cloud-platform https://www.googleapis.com/auth/cloudplatformprojects.readonly https://www.googleapis.com/auth/firebase openid' } 
 Fri Apr 06 2018 19:58:28 GMT+0100 (BST)
[debug] [2018-04-06T18:58:28.977Z] <<< HTTP RESPONSE 200
[debug] [2018-04-06T18:58:28.980Z] >>> HTTP REQUEST GET https://admin.firebase.com/v1/projects/one-time-password-f40d4  
  
 Fri Apr 06 2018 19:58:28 GMT+0100 (BST)
[debug] [2018-04-06T18:58:29.698Z] <<< HTTP RESPONSE 200
[debug] [2018-04-06T18:58:29.699Z] >>> HTTP REQUEST GET https://admin.firebase.com/v1/database/one-time-password-f40d4/tokens  
  
 Fri Apr 06 2018 19:58:29 GMT+0100 (BST)
[debug] [2018-04-06T18:58:30.348Z] <<< HTTP RESPONSE 200
[warn] ⚠  functions: You are running an outdated version of firebase-functions.
 Please upgrade using npm install --save firebase-functions@latest in your functions directory.
[info] 
[info] === Deploying to 'one-time-password-f40d4'...
[info] 
[info] i  deploying functions
[info] Running command: npm --prefix "$RESOURCE_DIR" run lint
